Base path: D:/Editor/Data
Pipe name: \\.\pipe\UnityShaderCompiler-2-3212
Cmd: getPlatforms
Cmd: compileSnippet
  api=1 type=0 insize=5287 outsize=668 kw=DIRECTIONAL SHADOWS_OFF LIGHTMAP_OFF DIRLIGHTMAP_OFF ok=1
Cmd: compileSnippet
  api=0 type=0 insize=5287 outsize=739 kw=DIRECTIONAL SHADOWS_OFF LIGHTMAP_ON DIRLIGHTMAP_OFF ok=1
Cmd: compileSnippet
  api=1 type=0 insize=5287 outsize=356 kw=DIRECTIONAL SHADOWS_OFF LIGHTMAP_ON DIRLIGHTMAP_OFF ok=1
Cmd: compileSnippet
  api=0 type=0 insize=5287 outsize=1173 kw=DIRECTIONAL SHADOWS_SCREEN LIGHTMAP_OFF DIRLIGHTMAP_OFF ok=1
Cmd: compileSnippet
  api=8 type=0 insize=5287 outsize=5022 kw=DIRECTIONAL SHADOWS_SCREEN LIGHTMAP_OFF DIRLIGHTMAP_OFF ok=1
Cmd: compileSnippet
  api=1 type=0 insize=5287 outsize=483 kw=DIRECTIONAL SHADOWS_SCREEN LIGHTMAP_ON DIRLIGHTMAP_OFF ok=1
Cmd: compileSnippet
  api=8 type=0 insize=5287 outsize=3917 kw=DIRECTIONAL SHADOWS_SCREEN LIGHTMAP_ON DIRLIGHTMAP_OFF ok=1
Cmd: compileSnippet
  api=1 type=0 insize=5287 outsize=1203 kw=DIRECTIONAL SHADOWS_OFF LIGHTMAP_OFF DIRLIGHTMAP_OFF VERTEXLIGHT_ON ok=1
Cmd: compileSnippet
  api=0 type=0 insize=5287 outsize=1779 kw=DIRECTIONAL SHADOWS_SCREEN LIGHTMAP_OFF DIRLIGHTMAP_OFF VERTEXLIGHT_ON ok=1
Cmd: compileSnippet
  api=1 type=0 insize=5287 outsize=1338 kw=DIRECTIONAL SHADOWS_SCREEN LIGHTMAP_OFF DIRLIGHTMAP_OFF VERTEXLIGHT_ON ok=1
Cmd: compileSnippet
  api=4 type=0 insize=5287 outsize=4865 kw=DIRECTIONAL SHADOWS_SCREEN LIGHTMAP_OFF DIRLIGHTMAP_OFF VERTEXLIGHT_ON ok=1
Cmd: compileSnippet
  api=1 type=1 insize=5287 outsize=597 kw=DIRECTIONAL SHADOWS_OFF LIGHTMAP_OFF DIRLIGHTMAP_OFF ok=1
Cmd: compileSnippet
  api=0 type=1 insize=5287 outsize=658 kw=DIRECTIONAL SHADOWS_OFF LIGHTMAP_ON DIRLIGHTMAP_OFF ok=1
Cmd: compileSnippet
  api=1 type=1 insize=5287 outsize=519 kw=DIRECTIONAL SHADOWS_OFF LIGHTMAP_ON DIRLIGHTMAP_OFF ok=1
Cmd: compileSnippet
  api=4 type=1 insize=5287 outsize=2127 kw=DIRECTIONAL SHADOWS_OFF LIGHTMAP_ON DIRLIGHTMAP_OFF ok=1
Cmd: compileSnippet
  api=8 type=1 insize=5287 outsize=3031 kw=DIRECTIONAL SHADOWS_OFF LIGHTMAP_ON DIRLIGHTMAP_OFF ok=1
Cmd: compileSnippet
  api=0 type=1 insize=5287 outsize=849 kw=DIRECTIONAL SHADOWS_SCREEN LIGHTMAP_ON DIRLIGHTMAP_OFF ok=1
Cmd: compileSnippet
  api=1 type=1 insize=5287 outsize=718 kw=DIRECTIONAL SHADOWS_SCREEN LIGHTMAP_ON DIRLIGHTMAP_OFF ok=1
Cmd: compileSnippet
  api=4 type=1 insize=5287 outsize=2672 kw=DIRECTIONAL SHADOWS_SCREEN LIGHTMAP_ON DIRLIGHTMAP_OFF ok=1
Cmd: compileSnippet
  api=1 type=0 insize=3244 outsize=405 kw=POINT ok=1
Cmd: compileSnippet
  api=8 type=0 insize=3244 outsize=4363 kw=POINT ok=1
Cmd: compileSnippet
  api=8 type=0 insize=3244 outsize=3307 kw=DIRECTIONAL ok=1
Cmd: compileSnippet
  api=1 type=0 insize=3244 outsize=424 kw=SPOT ok=1
Cmd: compileSnippet
  api=8 type=0 insize=3244 outsize=4363 kw=SPOT ok=1
Cmd: compileSnippet
  api=4 type=0 insize=3244 outsize=3053 kw=POINT_COOKIE ok=1
Cmd: compileSnippet
  api=0 type=0 insize=3244 outsize=815 kw=DIRECTIONAL_COOKIE ok=1
Cmd: compileSnippet
  api=4 type=0 insize=3244 outsize=3029 kw=DIRECTIONAL_COOKIE ok=1
Cmd: compileSnippet
  api=1 type=1 insize=3244 outsize=624 kw=POINT ok=1
Cmd: compileSnippet
  api=0 type=1 insize=3244 outsize=641 kw=DIRECTIONAL ok=1
Cmd: compileSnippet
  api=1 type=1 insize=3244 outsize=489 kw=DIRECTIONAL ok=1
Cmd: compileSnippet
  api=0 type=1 insize=3244 outsize=1014 kw=SPOT ok=1
Cmd: compileSnippet
  api=1 type=1 insize=3244 outsize=788 kw=SPOT ok=1
Cmd: compileSnippet
  api=0 type=1 insize=3244 outsize=891 kw=POINT_COOKIE ok=1
Cmd: compileSnippet
  api=1 type=1 insize=3244 outsize=672 kw=POINT_COOKIE ok=1
Cmd: compileSnippet
  api=4 type=1 insize=3244 outsize=2509 kw=POINT_COOKIE ok=1
Cmd: compileSnippet
  api=0 type=1 insize=3244 outsize=709 kw=DIRECTIONAL_COOKIE ok=1
Cmd: compileSnippet
  api=1 type=1 insize=3244 outsize=548 kw=DIRECTIONAL_COOKIE ok=1
Cmd: compileSnippet
  api=8 type=1 insize=3244 outsize=3145 kw=DIRECTIONAL_COOKIE ok=1
Unhandled exception: Readfile from pipe failed. GLE=The pipe has been ended.


Quitting shader compiler process
